Flow report for keyboard
Tue Mar 15 10:55:25 2022
Quartus Prime Version 19.1.0 Build 670 09/22/2019 SJ Lite Edition


---------------------
; Table of Contents ;
---------------------
  1. Legal Notice
  2. Flow Summary
  3. Flow Settings
  4. Flow Non-Default Global Settings
  5. Flow Elapsed Time
  6. Flow OS Summary
  7. Flow Log
  8. Flow Messages
  9. Flow Suppressed Messages



----------------
; Legal Notice ;
----------------
Copyright (C) 2019  Intel Corporation. All rights reserved.
Your use of Intel Corporation's design tools, logic functions 
and other software and tools, and any partner logic 
functions, and any output files from any of the foregoing 
(including device programming or simulation files), and any 
associated documentation or information are expressly subject 
to the terms and conditions of the Intel Program License 
Subscription Agreement, the Intel Quartus Prime License Agreement,
the Intel FPGA IP License Agreement, or other applicable license
agreement, including, without limitation, that your use is for
the sole purpose of programming logic devices manufactured by
Intel and sold by Intel or its authorized distributors.  Please
refer to the applicable agreement for further details, at
https://fpgasoftware.intel.com/eula.



+-------------------------------------------------------------------------------+
; Flow Summary                                                                  ;
+---------------------------------+---------------------------------------------+
; Flow Status                     ; Successful - Tue Mar 15 10:55:25 2022       ;
; Quartus Prime Version           ; 19.1.0 Build 670 09/22/2019 SJ Lite Edition ;
; Revision Name                   ; keyboard                                    ;
; Top-level Entity Name           ; keyboard_top                                ;
; Family                          ; Cyclone V                                   ;
; Device                          ; 5CSEMA5F31C6                                ;
; Timing Models                   ; Final                                       ;
; Logic utilization (in ALMs)     ; 300 / 32,070 ( < 1 % )                      ;
; Total registers                 ; 641                                         ;
; Total pins                      ; 45 / 457 ( 10 % )                           ;
; Total virtual pins              ; 0                                           ;
; Total block memory bits         ; 2,432 / 4,065,280 ( < 1 % )                 ;
; Total DSP Blocks                ; 0 / 87 ( 0 % )                              ;
; Total HSSI RX PCSs              ; 0                                           ;
; Total HSSI PMA RX Deserializers ; 0                                           ;
; Total HSSI TX PCSs              ; 0                                           ;
; Total HSSI PMA TX Serializers   ; 0                                           ;
; Total PLLs                      ; 0 / 6 ( 0 % )                               ;
; Total DLLs                      ; 0 / 4 ( 0 % )                               ;
+---------------------------------+---------------------------------------------+


+-----------------------------------------+
; Flow Settings                           ;
+-------------------+---------------------+
; Option            ; Setting             ;
+-------------------+---------------------+
; Start date & time ; 03/15/2022 10:53:48 ;
; Main task         ; Compilation         ;
; Revision Name     ; keyboard            ;
+-------------------+---------------------+


+-------------------------------------------------------------------------------------------------------------------------------------------------------------------------------------------+
; Flow Non-Default Global Settings                                                                                                                                                          ;
+-------------------------------------+---------------------------------------------------------------------------------------------------+---------------+--------------+------------------+
; Assignment Name                     ; Value                                                                                             ; Default Value ; Entity Name  ; Section Id       ;
+-------------------------------------+---------------------------------------------------------------------------------------------------+---------------+--------------+------------------+
; COMPILER_SIGNATURE_ID               ; 13718486931826.164736682807488                                                                    ; --            ; --           ; --               ;
; EDA_OUTPUT_DATA_FORMAT              ; Verilog Hdl                                                                                       ; --            ; --           ; eda_simulation   ;
; EDA_SIMULATION_TOOL                 ; ModelSim-Altera (Verilog)                                                                         ; <None>        ; --           ; --               ;
; EDA_TIME_SCALE                      ; 1 ps                                                                                              ; --            ; --           ; eda_simulation   ;
; ENABLE_SIGNALTAP                    ; On                                                                                                ; --            ; --           ; --               ;
; MAX_CORE_JUNCTION_TEMP              ; 85                                                                                                ; --            ; --           ; --               ;
; MIN_CORE_JUNCTION_TEMP              ; 0                                                                                                 ; --            ; --           ; --               ;
; PARTITION_COLOR                     ; -- (Not supported for targeted family)                                                            ; --            ; --           ; Top              ;
; PARTITION_COLOR                     ; -- (Not supported for targeted family)                                                            ; --            ; keyboard_top ; Top              ;
; PARTITION_FITTER_PRESERVATION_LEVEL ; -- (Not supported for targeted family)                                                            ; --            ; --           ; Top              ;
; PARTITION_FITTER_PRESERVATION_LEVEL ; -- (Not supported for targeted family)                                                            ; --            ; keyboard_top ; Top              ;
; PARTITION_NETLIST_TYPE              ; -- (Not supported for targeted family)                                                            ; --            ; --           ; Top              ;
; PARTITION_NETLIST_TYPE              ; -- (Not supported for targeted family)                                                            ; --            ; keyboard_top ; Top              ;
; POWER_BOARD_THERMAL_MODEL           ; None (CONSERVATIVE)                                                                               ; --            ; --           ; --               ;
; POWER_PRESET_COOLING_SOLUTION       ; 23 MM HEAT SINK WITH 200 LFPM AIRFLOW                                                             ; --            ; --           ; --               ;
; PROJECT_OUTPUT_DIRECTORY            ; output_files                                                                                      ; --            ; --           ; --               ;
; SLD_FILE                            ; db/stp2_auto_stripped.stp                                                                         ; --            ; --           ; --               ;
; SLD_NODE_CREATOR_ID                 ; 110                                                                                               ; --            ; --           ; auto_signaltap_0 ;
; SLD_NODE_ENTITY_NAME                ; sld_signaltap                                                                                     ; --            ; --           ; auto_signaltap_0 ;
; SLD_NODE_PARAMETER_ASSIGNMENT       ; SLD_RAM_BLOCK_TYPE=AUTO                                                                           ; --            ; --           ; auto_signaltap_0 ;
; SLD_NODE_PARAMETER_ASSIGNMENT       ; SLD_NODE_INFO=805334528                                                                           ; --            ; --           ; auto_signaltap_0 ;
; SLD_NODE_PARAMETER_ASSIGNMENT       ; SLD_POWER_UP_TRIGGER=0                                                                            ; --            ; --           ; auto_signaltap_0 ;
; SLD_NODE_PARAMETER_ASSIGNMENT       ; SLD_STORAGE_QUALIFIER_INVERSION_MASK_LENGTH=0                                                     ; --            ; --           ; auto_signaltap_0 ;
; SLD_NODE_PARAMETER_ASSIGNMENT       ; SLD_SEGMENT_SIZE=128                                                                              ; --            ; --           ; auto_signaltap_0 ;
; SLD_NODE_PARAMETER_ASSIGNMENT       ; SLD_ATTRIBUTE_MEM_MODE=OFF                                                                        ; --            ; --           ; auto_signaltap_0 ;
; SLD_NODE_PARAMETER_ASSIGNMENT       ; SLD_STATE_FLOW_USE_GENERATED=0                                                                    ; --            ; --           ; auto_signaltap_0 ;
; SLD_NODE_PARAMETER_ASSIGNMENT       ; SLD_STATE_BITS=11                                                                                 ; --            ; --           ; auto_signaltap_0 ;
; SLD_NODE_PARAMETER_ASSIGNMENT       ; SLD_BUFFER_FULL_STOP=1                                                                            ; --            ; --           ; auto_signaltap_0 ;
; SLD_NODE_PARAMETER_ASSIGNMENT       ; SLD_CURRENT_RESOURCE_WIDTH=1                                                                      ; --            ; --           ; auto_signaltap_0 ;
; SLD_NODE_PARAMETER_ASSIGNMENT       ; SLD_INCREMENTAL_ROUTING=1                                                                         ; --            ; --           ; auto_signaltap_0 ;
; SLD_NODE_PARAMETER_ASSIGNMENT       ; SLD_TRIGGER_LEVEL=1                                                                               ; --            ; --           ; auto_signaltap_0 ;
; SLD_NODE_PARAMETER_ASSIGNMENT       ; SLD_SAMPLE_DEPTH=128                                                                              ; --            ; --           ; auto_signaltap_0 ;
; SLD_NODE_PARAMETER_ASSIGNMENT       ; SLD_TRIGGER_IN_ENABLED=0                                                                          ; --            ; --           ; auto_signaltap_0 ;
; SLD_NODE_PARAMETER_ASSIGNMENT       ; SLD_TRIGGER_PIPELINE=0                                                                            ; --            ; --           ; auto_signaltap_0 ;
; SLD_NODE_PARAMETER_ASSIGNMENT       ; SLD_RAM_PIPELINE=0                                                                                ; --            ; --           ; auto_signaltap_0 ;
; SLD_NODE_PARAMETER_ASSIGNMENT       ; SLD_COUNTER_PIPELINE=0                                                                            ; --            ; --           ; auto_signaltap_0 ;
; SLD_NODE_PARAMETER_ASSIGNMENT       ; SLD_ADVANCED_TRIGGER_ENTITY=basic,1,                                                              ; --            ; --           ; auto_signaltap_0 ;
; SLD_NODE_PARAMETER_ASSIGNMENT       ; SLD_TRIGGER_LEVEL_PIPELINE=1                                                                      ; --            ; --           ; auto_signaltap_0 ;
; SLD_NODE_PARAMETER_ASSIGNMENT       ; SLD_ENABLE_ADVANCED_TRIGGER=0                                                                     ; --            ; --           ; auto_signaltap_0 ;
; SLD_NODE_PARAMETER_ASSIGNMENT       ; SLD_DATA_BITS=19                                                                                  ; --            ; --           ; auto_signaltap_0 ;
; SLD_NODE_PARAMETER_ASSIGNMENT       ; SLD_TRIGGER_BITS=19                                                                               ; --            ; --           ; auto_signaltap_0 ;
; SLD_NODE_PARAMETER_ASSIGNMENT       ; SLD_STORAGE_QUALIFIER_BITS=19                                                                     ; --            ; --           ; auto_signaltap_0 ;
; SLD_NODE_PARAMETER_ASSIGNMENT       ; SLD_INVERSION_MASK=000000000000000000000000000000000000000000000000000000000000000000000000000000 ; --            ; --           ; auto_signaltap_0 ;
; SLD_NODE_PARAMETER_ASSIGNMENT       ; SLD_INVERSION_MASK_LENGTH=78                                                                      ; --            ; --           ; auto_signaltap_0 ;
; TOP_LEVEL_ENTITY                    ; keyboard_top                                                                                      ; keyboard      ; --           ; --               ;
; USE_SIGNALTAP_FILE                  ; stp2.stp                                                                                          ; --            ; --           ; --               ;
+-------------------------------------+---------------------------------------------------------------------------------------------------+---------------+--------------+------------------+


+--------------------------------------------------------------------------------------------------------------------------+
; Flow Elapsed Time                                                                                                        ;
+----------------------+--------------+-------------------------+---------------------+------------------------------------+
; Module Name          ; Elapsed Time ; Average Processors Used ; Peak Virtual Memory ; Total CPU Time (on all processors) ;
+----------------------+--------------+-------------------------+---------------------+------------------------------------+
; Analysis & Synthesis ; 00:00:27     ; 1.0                     ; 4899 MB             ; 00:00:45                           ;
; Partition Merge      ; 00:00:01     ; 1.0                     ; 4756 MB             ; 00:00:01                           ;
; Fitter               ; 00:00:42     ; 1.1                     ; 6711 MB             ; 00:01:23                           ;
; Assembler            ; 00:00:08     ; 1.0                     ; 4846 MB             ; 00:00:07                           ;
; Timing Analyzer      ; 00:00:10     ; 1.3                     ; 5193 MB             ; 00:00:11                           ;
; EDA Netlist Writer   ; 00:00:03     ; 1.0                     ; 4738 MB             ; 00:00:03                           ;
; Total                ; 00:01:31     ; --                      ; --                  ; 00:02:30                           ;
+----------------------+--------------+-------------------------+---------------------+------------------------------------+


+------------------------------------------------------------------------------------+
; Flow OS Summary                                                                    ;
+----------------------+------------------+------------+------------+----------------+
; Module Name          ; Machine Hostname ; OS Name    ; OS Version ; Processor type ;
+----------------------+------------------+------------+------------+----------------+
; Analysis & Synthesis ; DESKTOP-K866NDG  ; Windows 10 ; 10.0       ; x86_64         ;
; Partition Merge      ; DESKTOP-K866NDG  ; Windows 10 ; 10.0       ; x86_64         ;
; Fitter               ; DESKTOP-K866NDG  ; Windows 10 ; 10.0       ; x86_64         ;
; Assembler            ; DESKTOP-K866NDG  ; Windows 10 ; 10.0       ; x86_64         ;
; Timing Analyzer      ; DESKTOP-K866NDG  ; Windows 10 ; 10.0       ; x86_64         ;
; EDA Netlist Writer   ; DESKTOP-K866NDG  ; Windows 10 ; 10.0       ; x86_64         ;
+----------------------+------------------+------------+------------+----------------+


------------
; Flow Log ;
------------
quartus_map --read_settings_files=on --write_settings_files=off keyboard -c keyboard
quartus_cdb --read_settings_files=off --write_settings_files=off keyboard -c keyboard --merge=on
quartus_fit --read_settings_files=off --write_settings_files=off keyboard -c keyboard
quartus_asm --read_settings_files=off --write_settings_files=off keyboard -c keyboard
quartus_sta keyboard -c keyboard
quartus_eda --read_settings_files=off --write_settings_files=off keyboard -c keyboard



